<?xml version="1.0" encoding="UTF-8"?>
<!-- Generated by org.testng.reporters.JUnitXMLReporter -->
<testsuite ignored="1" hostname="LAPTOP-HKUKP4JU" failures="1" tests="1" name="Test(failed)" time="0.101" errors="0" timestamp="2022-02-19T17:54:45 IST">
  <testcase classname="Experiment_Jen.Jenexp.ClassA" name="TestB" time="0.021">
    <failure type="java.lang.AssertionError" message="expected [true] but found [false]">
      <![CDATA[java.lang.AssertionError: expected [true] but found [false]
at Experiment_Jen.Jenexp.ClassA.TestB(ClassA.java:19)
at java.base/java.util.ArrayList.forEach(ArrayList.java:1511)
... Removed 31 stack frames]]>
    </failure>
  </testcase> <!-- TestB -->
  <testcase classname="Experiment_Jen.Jenexp.ClassA" name="TestA" time="0.0">
    <ignored/>
  </testcase> <!-- TestA -->
</testsuite> <!-- Test(failed) -->
