<?xml version="1.0" encoding="UTF-8"?>
<testng-results ignored="0" total="2" passed="2" failed="0" skipped="0">
  <reporter-output>
  </reporter-output>
  <suite started-at="2022-02-09T15:59:34 IST" name="Default suite" finished-at="2022-02-09T15:59:34 IST" duration-ms="108">
    <groups>
    </groups>
    <test started-at="2022-02-09T15:59:34 IST" name="Default test" finished-at="2022-02-09T15:59:34 IST" duration-ms="108">
      <class name="MyPack.ClassM1">
        <test-method signature="Method1()[pri:0, instance:MyPack.ClassM1@48ae9b55]" started-at="2022-02-09T15:59:34 IST" name="Method1" finished-at="2022-02-09T15:59:34 IST" duration-ms="17" status="PASS">
          <reporter-output>
          </reporter-output>
        </test-method> <!-- Method1 -->
        <test-method signature="methodM3()[pri:0, instance:MyPack.ClassM1@48ae9b55]" started-at="2022-02-09T15:59:34 IST" name="methodM3" finished-at="2022-02-09T15:59:34 IST" duration-ms="4" status="PASS">
          <reporter-output>
          </reporter-output>
        </test-method> <!-- methodM3 -->
      </class> <!-- MyPack.ClassM1 -->
    </test> <!-- Default test -->
  </suite> <!-- Default suite -->
</testng-results>
