<?xml version="1.0" encoding="UTF-8"?>
<testng-results ignored="0" total="2" passed="2" failed="0" skipped="0">
  <reporter-output>
  </reporter-output>
  <suite started-at="2022-02-09T15:47:57 IST" name="Default suite" finished-at="2022-02-09T15:47:57 IST" duration-ms="98">
    <groups>
    </groups>
    <test started-at="2022-02-09T15:47:57 IST" name="Default test" finished-at="2022-02-09T15:47:57 IST" duration-ms="98">
      <class name="MyPack.ClassM1">
        <test-method signature="methodM1()[pri:0, instance:MyPack.ClassM1@48ae9b55]" started-at="2022-02-09T15:47:57 IST" name="methodM1" finished-at="2022-02-09T15:47:57 IST" duration-ms="14" status="PASS">
          <reporter-output>
          </reporter-output>
        </test-method> <!-- methodM1 -->
        <test-method signature="methodM2()[pri:0, instance:MyPack.ClassM1@48ae9b55]" started-at="2022-02-09T15:47:57 IST" name="methodM2" finished-at="2022-02-09T15:47:57 IST" duration-ms="2" status="PASS">
          <reporter-output>
          </reporter-output>
        </test-method> <!-- methodM2 -->
      </class> <!-- MyPack.ClassM1 -->
    </test> <!-- Default test -->
  </suite> <!-- Default suite -->
</testng-results>
